<?xml version="1.0" encoding="UTF-8"?>
<!-- Generated by org.testng.reporters.JUnitReportReporter -->
<testsuite hostname="DESKTOP-QQJINFP" failures="0" tests="1" name="pruebas.Clase9Test" time="0.098" errors="0" timestamp="2023-06-13T21:31:37 ART" skipped="0">
  <testcase classname="pruebas.Clase9Test" name="alertaNotificacion" time="0.098"/>
  <system-out/>
</testsuite> <!-- pruebas.Clase9Test -->
