<?xml version="1.0" encoding="UTF-8"?>
<!-- Generated by org.testng.reporters.JUnitReportReporter -->
<testsuite hostname="DESKTOP-QQJINFP" failures="0" tests="5" name="pruebas.Clase8Test" time="11.587" errors="0" timestamp="2023-06-08T21:33:32 ART" skipped="0">
  <testcase classname="pruebas.Clase8Test" name="login" time="2.517"/>
  <system-out/>
  <testcase classname="pruebas.Clase8Test" name="login" time="2.966"/>
  <system-out/>
  <testcase classname="pruebas.Clase8Test" name="login" time="1.745"/>
  <system-out/>
  <testcase classname="pruebas.Clase8Test" name="login" time="1.823"/>
  <system-out/>
  <testcase classname="pruebas.Clase8Test" name="login" time="2.536"/>
  <system-out/>
</testsuite> <!-- pruebas.Clase8Test -->
