<?xml version="1.0" encoding="UTF-8"?>
<!-- Generated by org.testng.reporters.JUnitReportReporter -->
<testsuite hostname="DESKTOP-QQJINFP" failures="0" tests="1" name="Edit.EducacionIT_64250.AccesoABaseDeDatosTest" time="0.469" errors="0" timestamp="2023-06-13T21:23:36 ART" skipped="0">
  <testcase classname="Edit.EducacionIT_64250.AccesoABaseDeDatosTest" name="testBaseDeDatos" time="0.469"/>
  <system-out/>
</testsuite> <!-- Edit.EducacionIT_64250.AccesoABaseDeDatosTest -->
