<?xml version="1.0" encoding="UTF-8"?>
<!-- Generated by org.testng.reporters.JUnitReportReporter -->
<testsuite hostname="DESKTOP-QQJINFP" failures="0" tests="1" name="Edit.EducacionIT_64250.MobileEmulationTest" time="13.645" errors="0" timestamp="2023-06-13T19:15:01 ART" skipped="0">
  <testcase classname="Edit.EducacionIT_64250.MobileEmulationTest" name="testMobileEmulation" time="13.645"/>
  <system-out/>
</testsuite> <!-- Edit.EducacionIT_64250.MobileEmulationTest -->
