<?xml version="1.0" encoding="UTF-8"?>
<!-- Generated by org.testng.reporters.JUnitReportReporter -->
<testsuite hostname="DESKTOP-QQJINFP" failures="0" tests="1" name="pruebas.Clase7Test" time="3.472" errors="0" timestamp="2023-06-13T19:15:01 ART" skipped="0">
  <testcase classname="pruebas.Clase7Test" name="login" time="3.472"/>
  <system-out/>
</testsuite> <!-- pruebas.Clase7Test -->
