<?xml version="1.0" encoding="UTF-8"?>
<!-- Generated by org.testng.reporters.JUnitReportReporter -->
<testsuite hostname="DESKTOP-QQJINFP" failures="0" tests="5" name="pruebas.Clase8Test" time="14.330" errors="0" timestamp="2023-06-13T19:15:01 ART" skipped="0">
  <testcase classname="pruebas.Clase8Test" name="login" time="6.120"/>
  <system-out/>
  <testcase classname="pruebas.Clase8Test" name="login" time="1.701"/>
  <system-out/>
  <testcase classname="pruebas.Clase8Test" name="login" time="1.821"/>
  <system-out/>
  <testcase classname="pruebas.Clase8Test" name="login" time="3.105"/>
  <system-out/>
  <testcase classname="pruebas.Clase8Test" name="login" time="1.583"/>
  <system-out/>
</testsuite> <!-- pruebas.Clase8Test -->
